<?xml version="1.0" encoding="UTF-8"?>
<testng-results ignored="0" total="1" passed="1" failed="0" skipped="0">
  <reporter-output>
  </reporter-output>
  <suite started-at="2023-08-10T15:24:37 IST" name="Default suite" finished-at="2023-08-10T15:25:10 IST" duration-ms="32969">
    <groups>
    </groups>
    <test started-at="2023-08-10T15:24:37 IST" name="Default test" finished-at="2023-08-10T15:25:10 IST" duration-ms="32969">
      <class name="CreateOppurtinityWithContact.CreateOppurtinityWithContactTest">
        <test-method is-config="true" signature="bsConfig()[pri:0, instance:CreateOppurtinityWithContact.CreateOppurtinityWithContactTest@2cd2a21f]" started-at="2023-08-10T15:24:37 IST" name="bsConfig" finished-at="2023-08-10T15:24:37 IST" duration-ms="24" status="PASS">
          <reporter-output>
          </reporter-output>
        </test-method> <!-- bsConfig -->
        <test-method is-config="true" signature="bcConfig()[pri:0, instance:CreateOppurtinityWithContact.CreateOppurtinityWithContactTest@2cd2a21f]" started-at="2023-08-10T15:24:37 IST" name="bcConfig" finished-at="2023-08-10T15:24:42 IST" duration-ms="4805" status="PASS">
          <reporter-output>
          </reporter-output>
        </test-method> <!-- bcConfig -->
        <test-method is-config="true" signature="bmConfig()[pri:0, instance:CreateOppurtinityWithContact.CreateOppurtinityWithContactTest@2cd2a21f]" started-at="2023-08-10T15:24:42 IST" name="bmConfig" finished-at="2023-08-10T15:24:44 IST" duration-ms="2675" status="PASS">
          <reporter-output>
          </reporter-output>
        </test-method> <!-- bmConfig -->
        <test-method signature="CreateOppurtinityWithContact()[pri:0, instance:CreateOppurtinityWithContact.CreateOppurtinityWithContactTest@2cd2a21f]" started-at="2023-08-10T15:24:44 IST" name="CreateOppurtinityWithContact" finished-at="2023-08-10T15:25:07 IST" duration-ms="22801" status="PASS">
          <reporter-output>
          </reporter-output>
        </test-method> <!-- CreateOppurtinityWithContact -->
        <test-method is-config="true" signature="amConfig()[pri:0, instance:CreateOppurtinityWithContact.CreateOppurtinityWithContactTest@2cd2a21f]" started-at="2023-08-10T15:25:07 IST" name="amConfig" finished-at="2023-08-10T15:25:09 IST" duration-ms="2351" status="PASS">
          <reporter-output>
          </reporter-output>
        </test-method> <!-- amConfig -->
        <test-method is-config="true" signature="acConfig()[pri:0, instance:CreateOppurtinityWithContact.CreateOppurtinityWithContactTest@2cd2a21f]" started-at="2023-08-10T15:25:09 IST" name="acConfig" finished-at="2023-08-10T15:25:10 IST" duration-ms="267" status="PASS">
          <reporter-output>
          </reporter-output>
        </test-method> <!-- acConfig -->
        <test-method is-config="true" signature="asConfig()[pri:0, instance:CreateOppurtinityWithContact.CreateOppurtinityWithContactTest@2cd2a21f]" started-at="2023-08-10T15:25:10 IST" name="asConfig" finished-at="2023-08-10T15:25:10 IST" duration-ms="1" status="PASS">
          <reporter-output>
          </reporter-output>
        </test-method> <!-- asConfig -->
      </class> <!-- CreateOppurtinityWithContact.CreateOppurtinityWithContactTest -->
    </test> <!-- Default test -->
  </suite> <!-- Default suite -->
</testng-results>
