<?xml version="1.0" encoding="UTF-8"?>
<testng-results ignored="0" total="1" passed="0" failed="1" skipped="0">
  <reporter-output>
  </reporter-output>
  <suite started-at="2023-08-05T10:49:41 IST" name="Default suite" finished-at="2023-08-05T10:50:55 IST" duration-ms="74637">
    <groups>
    </groups>
    <test started-at="2023-08-05T10:49:41 IST" name="Default test" finished-at="2023-08-05T10:50:55 IST" duration-ms="74637">
      <class name="CreateOppurtinityWithContact.CreateOppurtinityWithContactTest">
        <test-method is-config="true" signature="bsConfig()[pri:0, instance:CreateOppurtinityWithContact.CreateOppurtinityWithContactTest@2cd2a21f]" started-at="2023-08-05T10:49:41 IST" name="bsConfig" finished-at="2023-08-05T10:49:41 IST" duration-ms="29" status="PASS">
          <reporter-output>
          </reporter-output>
        </test-method> <!-- bsConfig -->
        <test-method is-config="true" signature="bcConfig()[pri:0, instance:CreateOppurtinityWithContact.CreateOppurtinityWithContactTest@2cd2a21f]" started-at="2023-08-05T10:49:41 IST" name="bcConfig" finished-at="2023-08-05T10:49:52 IST" duration-ms="11674" status="PASS">
          <reporter-output>
          </reporter-output>
        </test-method> <!-- bcConfig -->
        <test-method is-config="true" signature="bmConfig()[pri:0, instance:CreateOppurtinityWithContact.CreateOppurtinityWithContactTest@2cd2a21f]" started-at="2023-08-05T10:49:52 IST" name="bmConfig" finished-at="2023-08-05T10:50:03 IST" duration-ms="10997" status="PASS">
          <reporter-output>
          </reporter-output>
        </test-method> <!-- bmConfig -->
        <test-method signature="CreateOppurtinityWithContact()[pri:0, instance:CreateOppurtinityWithContact.CreateOppurtinityWithContactTest@2cd2a21f]" started-at="2023-08-05T10:50:03 IST" name="CreateOppurtinityWithContact" finished-at="2023-08-05T10:50:52 IST" duration-ms="48078" status="FAIL">
          <exception class="java.io.FileNotFoundException">
            <message>
              <![CDATA[C:\Users\Shivam Gupta\eclipse-workspace\AutomationFW.QCO-SOEAJD-E2\ScreenshotsChaitara90.png (The system cannot find the path specified)]]>
            </message>
            <full-stacktrace>
              <![CDATA[java.io.FileNotFoundException: C:\Users\Shivam Gupta\eclipse-workspace\AutomationFW.QCO-SOEAJD-E2\ScreenshotsChaitara90.png (The system cannot find the path specified)
at java.base/java.io.FileOutputStream.open0(Native Method)
at java.base/java.io.FileOutputStream.open(FileOutputStream.java:293)
at java.base/java.io.FileOutputStream.<init>(FileOutputStream.java:235)
at com.google.common.io.Files$FileByteSink.openStream(Files.java:195)
at com.google.common.io.Files$FileByteSink.openStream(Files.java:183)
at com.google.common.io.ByteSource.copyTo(ByteSource.java:279)
at com.google.common.io.Files.copy(Files.java:326)
at vtiger.GenericUtilities.WebDriverUtility.takeScreenShot(WebDriverUtility.java:312)
at CreateOppurtinityWithContact.CreateOppurtinityWithContactTest.CreateOppurtinityWithContact(CreateOppurtinityWithContactTest.java:86)
at java.base/jdk.internal.reflect.NativeMethodAccessorImpl.invoke0(Native Method)
at java.base/jdk.internal.reflect.NativeMethodAccessorImpl.invoke(NativeMethodAccessorImpl.java:77)
at java.base/jdk.internal.reflect.DelegatingMethodAccessorImpl.invoke(DelegatingMethodAccessorImpl.java:43)
at java.base/java.lang.reflect.Method.invoke(Method.java:568)
at org.testng.internal.invokers.MethodInvocationHelper.invokeMethod(MethodInvocationHelper.java:139)
at org.testng.internal.invokers.TestInvoker.invokeMethod(TestInvoker.java:664)
at org.testng.internal.invokers.TestInvoker.invokeTestMethod(TestInvoker.java:227)
at org.testng.internal.invokers.MethodRunner.runInSequence(MethodRunner.java:50)
at org.testng.internal.invokers.TestInvoker$MethodInvocationAgent.invoke(TestInvoker.java:957)
at org.testng.internal.invokers.TestInvoker.invokeTestMethods(TestInvoker.java:200)
at org.testng.internal.invokers.TestMethodWorker.invokeTestMethods(TestMethodWorker.java:148)
at org.testng.internal.invokers.TestMethodWorker.run(TestMethodWorker.java:128)
at java.base/java.util.ArrayList.forEach(ArrayList.java:1511)
at org.testng.TestRunner.privateRun(TestRunner.java:848)
at org.testng.TestRunner.run(TestRunner.java:621)
at org.testng.SuiteRunner.runTest(SuiteRunner.java:443)
at org.testng.SuiteRunner.runSequentially(SuiteRunner.java:437)
at org.testng.SuiteRunner.privateRun(SuiteRunner.java:397)
at org.testng.SuiteRunner.run(SuiteRunner.java:336)
at org.testng.SuiteRunnerWorker.runSuite(SuiteRunnerWorker.java:52)
at org.testng.SuiteRunnerWorker.run(SuiteRunnerWorker.java:95)
at org.testng.TestNG.runSuitesSequentially(TestNG.java:1280)
at org.testng.TestNG.runSuitesLocally(TestNG.java:1200)
at org.testng.TestNG.runSuites(TestNG.java:1114)
at org.testng.TestNG.run(TestNG.java:1082)
at org.testng.remote.AbstractRemoteTestNG.run(AbstractRemoteTestNG.java:115)
at org.testng.remote.RemoteTestNG.initAndRun(RemoteTestNG.java:251)
at org.testng.remote.RemoteTestNG.main(RemoteTestNG.java:77)
]]>
            </full-stacktrace>
          </exception> <!-- java.io.FileNotFoundException -->
          <reporter-output>
          </reporter-output>
        </test-method> <!-- CreateOppurtinityWithContact -->
        <test-method is-config="true" signature="amConfig()[pri:0, instance:CreateOppurtinityWithContact.CreateOppurtinityWithContactTest@2cd2a21f]" started-at="2023-08-05T10:50:52 IST" name="amConfig" finished-at="2023-08-05T10:50:55 IST" duration-ms="3413" status="PASS">
          <reporter-output>
          </reporter-output>
        </test-method> <!-- amConfig -->
        <test-method is-config="true" signature="acConfig()[pri:0, instance:CreateOppurtinityWithContact.CreateOppurtinityWithContactTest@2cd2a21f]" started-at="2023-08-05T10:50:55 IST" name="acConfig" finished-at="2023-08-05T10:50:55 IST" duration-ms="374" status="PASS">
          <reporter-output>
          </reporter-output>
        </test-method> <!-- acConfig -->
        <test-method is-config="true" signature="asConfig()[pri:0, instance:CreateOppurtinityWithContact.CreateOppurtinityWithContactTest@2cd2a21f]" started-at="2023-08-05T10:50:55 IST" name="asConfig" finished-at="2023-08-05T10:50:55 IST" duration-ms="1" status="PASS">
          <reporter-output>
          </reporter-output>
        </test-method> <!-- asConfig -->
      </class> <!-- CreateOppurtinityWithContact.CreateOppurtinityWithContactTest -->
    </test> <!-- Default test -->
  </suite> <!-- Default suite -->
</testng-results>
